<?xml version="1.0" encoding="UTF-8"?>
<!-- Generated by org.testng.reporters.JUnitReportReporter -->
<testsuite skipped="0" hostname="DESKTOP-5P47P0G" name="com.bridgelabz.bookstore.testcase.User" tests="1" failures="0" timestamp="19 Jun 2020 19:26:14 GMT" time="86.690" errors="0">
  <testcase name="addBookToCart" time="86.690" classname="com.bridgelabz.bookstore.testcase.User"/>
</testsuite> <!-- com.bridgelabz.bookstore.testcase.User -->
