<?xml version="1.0" encoding="UTF-8"?>
<!-- Generated by org.testng.reporters.JUnitReportReporter -->
<testsuite skipped="0" hostname="DESKTOP-5P47P0G" name="com.bridgelabz.bookstore.testcase.User" tests="2" failures="0" timestamp="23 Jun 2020 11:19:42 GMT" time="107.309" errors="0">
  <testcase name="registration" time="52.795" classname="com.bridgelabz.bookstore.testcase.User"/>
  <testcase name="registration" time="54.514" classname="com.bridgelabz.bookstore.testcase.User"/>
</testsuite> <!-- com.bridgelabz.bookstore.testcase.User -->
